<?xml version="1.0" encoding="UTF-8"?>
<!-- Generated by org.testng.reporters.JUnitReportReporter -->
<testsuite skipped="0" hostname="DESKTOP-3SDAQ4G" name="com.crm.qa.testcases.LoginPagetest" tests="2" failures="0" timestamp="24 Jun 2020 20:48:50 GMT" time="29.178" errors="0">
  <testcase name="loginPageTitleTest" time="12.436" classname="com.crm.qa.testcases.LoginPagetest"/>
  <testcase name="loginTest" time="16.742" classname="com.crm.qa.testcases.LoginPagetest"/>
</testsuite> <!-- com.crm.qa.testcases.LoginPagetest -->
