<?xml version="1.0" encoding="UTF-8"?>
<!-- Generated by org.testng.reporters.JUnitReportReporter -->
<testsuite skipped="0" hostname="DESKTOP-3SDAQ4G" name="com.crm.qa.testcases.Homepagetest" tests="3" failures="0" timestamp="24 Jun 2020 20:48:50 GMT" time="50.423" errors="0">
  <testcase name="verifyHomepageTitleTest" time="16.800" classname="com.crm.qa.testcases.Homepagetest"/>
  <testcase name="verifyUserNameTest" time="15.907" classname="com.crm.qa.testcases.Homepagetest"/>
  <testcase name="checkContactTest" time="17.716" classname="com.crm.qa.testcases.Homepagetest"/>
</testsuite> <!-- com.crm.qa.testcases.Homepagetest -->
