<?xml version="1.0" encoding="UTF-8"?>
<!-- Generated by org.testng.reporters.JUnitReportReporter -->
<testsuite skipped="0" hostname="DESKTOP-3SDAQ4G" name="com.crm.qa.testcases.NewTest" tests="1" failures="0" timestamp="24 Jun 2020 17:16:39 GMT" time="0.015" errors="0">
  <testcase name="f" time="0.015" classname="com.crm.qa.testcases.NewTest"/>
</testsuite> <!-- com.crm.qa.testcases.NewTest -->
