<?xml version="1.0" encoding="UTF-8"?>
<!-- Generated by org.testng.reporters.JUnitReportReporter -->
<testsuite skipped="0" hostname="DESKTOP-3SDAQ4G" name="com.crm.qa.testcases.Contactspagetest" tests="5" failures="0" timestamp="24 Jun 2020 20:48:50 GMT" time="102.004" errors="0">
  <testcase name="verifyContactsPageLabel" time="18.191" classname="com.crm.qa.testcases.Contactspagetest"/>
  <testcase name="selectContactsTest" time="20.222" classname="com.crm.qa.testcases.Contactspagetest"/>
  <testcase name="validateCreatenewContact" time="21.731" classname="com.crm.qa.testcases.Contactspagetest"/>
  <testcase name="validateCreatenewContact" time="20.514" classname="com.crm.qa.testcases.Contactspagetest"/>
  <testcase name="validateCreatenewContact" time="21.346" classname="com.crm.qa.testcases.Contactspagetest"/>
</testsuite> <!-- com.crm.qa.testcases.Contactspagetest -->
